#
# There is insufficient memory for the Java Runtime Environment to continue.
# Native memory allocation (mmap) failed to map 54525952 bytes for Failed to commit area from 0x0000000710c00000 to 0x0000000714000000 of length 54525952.
# Possible reasons:
#   The system is out of physical RAM or swap space
#   The process is running with CompressedOops enabled, and the Java Heap may be blocking the growth of the native heap
# Possible solutions:
#   Reduce memory load on the system
#   Increase physical memory or swap space
#   Check if swap backing store is full
#   Decrease Java heap size (-Xmx/-Xms)
#   Decrease number of Java threads
#   Decrease Java thread stack sizes (-Xss)
#   Set larger code cache with -XX:ReservedCodeCacheSize=
#   JVM is running with Zero Based Compressed Oops mode in which the Java heap is
#     placed in the first 32GB address space. The Java Heap base address is the
#     maximum limit for the native heap growth. Please use -XX:HeapBaseMinAddress
#     to set the Java Heap base and to place the Java Heap above 32GB virtual address.
# This output file may be truncated or incomplete.
#
#  Out of Memory Error (./src/hotspot/os/windows/os_windows.cpp:3619), pid=3916, tid=6700
#
# JRE version: OpenJDK Runtime Environment (11.0.13) (build 11.0.13+0-b1751.21-8125866)
# Java VM: OpenJDK 64-Bit Server VM (11.0.13+0-b1751.21-8125866, mixed mode, tiered, compressed oops, g1 gc, windows-amd64)
# No core dump will be written. Minidumps are not enabled by default on client versions of Windows
#

---------------  S U M M A R Y ------------

Command Line: org.jetbrains.kotlin.cli.jvm.K2JVMCompiler @C:\Users\User\source\Android App\WeatherApp\app\build\20230201_3703215115404574679.compiler.options

Host: AMD Ryzen 5 1600 Six-Core Processor            , 12 cores, 15G,  Windows 10 , 64 bit Build 19041 (10.0.19041.1566)
Time: Wed Feb  1 19:41:27 2023 RTZ 2 (зима) elapsed time: 4.055679 seconds (0d 0h 0m 4s)

---------------  T H R E A D  ---------------

Current thread (0x0000012844451000):  VMThread "VM Thread" [stack: 0x0000001052100000,0x0000001052200000] [id=6700]

Stack: [0x0000001052100000,0x0000001052200000]
[error occurred during error reporting (printing stack bounds), id 0xc0000005, EXCEPTION_ACCESS_VIOLATION (0xc0000005) at pc=0x00000128289c112d]

Native frames: (J=compiled Java code, j=interpreted, Vv=VM code, C=native code)
V  [jvm.dll+0x6100fa]
V  [jvm.dll+0x747090]
V  [jvm.dll+0x7486ad]
V  [jvm.dll+0x748ce5]
V  [jvm.dll+0x748c9b]
V  [jvm.dll+0x60f224]
V  [jvm.dll+0x60f9b8]
C  [ntdll.dll+0xa20cf]
C  [ntdll.dll+0x51454]
C  [ntdll.dll+0xa0bfe]
C  0x00000128289c112d

VM_Operation (0x0000001051bfb580): G1CollectForAllocation, mode: safepoint, requested by thread 0x0000012824e9c000


---------------  P R O C E S S  ---------------

Threads class SMR info:
_java_thread_list=0x0000012844eddb60, length=12, elements={
0x0000012824e9c000, 0x0000012844d14000, 0x0000012844d22000, 0x0000012844d6a800,
0x0000012844d6b800, 0x0000012844d6c800, 0x0000012844d70000, 0x0000012844d74000,
0x000001284446e000, 0x0000012844ee8000, 0x0000012844ee2800, 0x0000012844ee1000
}

Java Threads: ( => current thread )
  0x0000012824e9c000 JavaThread "main" [_thread_blocked, id=12180, stack(0x0000001051b00000,0x0000001051c00000)]
  0x0000012844d14000 JavaThread "Reference Handler" daemon [_thread_blocked, id=3308, stack(0x0000001052200000,0x0000001052300000)]
  0x0000012844d22000 JavaThread "Finalizer" daemon [_thread_blocked, id=3976, stack(0x0000001052300000,0x0000001052400000)]
  0x0000012844d6a800 JavaThread "Signal Dispatcher" daemon [_thread_blocked, id=17180, stack(0x0000001052400000,0x0000001052500000)]
  0x0000012844d6b800 JavaThread "Attach Listener" daemon [_thread_blocked, id=13212, stack(0x0000001052500000,0x0000001052600000)]
  0x0000012844d6c800 JavaThread "Service Thread" daemon [_thread_blocked, id=4712, stack(0x0000001052600000,0x0000001052700000)]
  0x0000012844d70000 JavaThread "C2 CompilerThread0" daemon [_thread_blocked, id=19952, stack(0x0000001052700000,0x0000001052800000)]
  0x0000012844d74000 JavaThread "C1 CompilerThread0" daemon [_thread_blocked, id=21912, stack(0x0000001052800000,0x0000001052900000)]
  0x000001284446e000 JavaThread "Sweeper thread" daemon [_thread_blocked, id=15892, stack(0x0000001052900000,0x0000001052a00000)]
  0x0000012844ee8000 JavaThread "Common-Cleaner" daemon [_thread_blocked, id=8740, stack(0x0000001052b00000,0x0000001052c00000)]
  0x0000012844ee2800 JavaThread "C2 CompilerThread1" daemon [_thread_blocked, id=21820, stack(0x0000001052c00000,0x0000001052d00000)]
  0x0000012844ee1000 JavaThread "C2 CompilerThread2" daemon [_thread_blocked, id=23776, stack(0x0000001052d00000,0x0000001052e00000)]

Other Threads:
=>0x0000012844451000 VMThread "VM Thread" [stack: 0x0000001052100000,0x0000001052200000] [id=6700]
  0x0000012844edf000 WatcherThread [stack: 0x0000001052a00000,0x0000001052b00000] [id=19564]
  0x0000012824eb3800 GCTaskThread "GC Thread#0" [stack: 0x0000001051c00000,0x0000001051d00000] [id=6828]
  0x00000128455f0800 GCTaskThread "GC Thread#1" [stack: 0x0000001052e00000,0x0000001052f00000] [id=23728]
  0x0000012845629800 GCTaskThread "GC Thread#2" [stack: 0x0000001052f00000,0x0000001053000000] [id=14660]
  0x000001284562a800 GCTaskThread "GC Thread#3" [stack: 0x0000001053000000,0x0000001053100000] [id=3628]
  0x0000012845035800 GCTaskThread "GC Thread#4" [stack: 0x0000001053100000,0x0000001053200000] [id=16032]
  0x0000012845036000 GCTaskThread "GC Thread#5" [stack: 0x0000001053200000,0x0000001053300000] [id=19096]
  0x0000012824f11000 ConcurrentGCThread "G1 Main Marker" [stack: 0x0000001051d00000,0x0000001051e00000] [id=6260]
  0x0000012824f12800 ConcurrentGCThread "G1 Conc#0" [stack: 0x0000001051e00000,0x0000001051f00000] [id=21796]
  0x0000012845600800 ConcurrentGCThread "G1 Conc#1" [stack: 0x0000001053300000,0x0000001053400000] [id=17140]
  0x000001284696a800 ConcurrentGCThread "G1 Conc#2" [stack: 0x0000001053400000,0x0000001053500000] [id=12556]
  0x000001284432b800 ConcurrentGCThread "G1 Refine#0" [stack: 0x0000001051f00000,0x0000001052000000] [id=22980]
  0x0000012847e8b000 ConcurrentGCThread "G1 Refine#1" [stack: 0x0000001053500000,0x0000001053600000] [id=9936]
  0x0000012848a94000 ConcurrentGCThread "G1 Refine#2" [stack: 0x0000001053600000,0x0000001053700000] [id=17976]
  0x000001284432d800 ConcurrentGCThread "G1 Young RemSet Sampling" [stack: 0x0000001052000000,0x0000001052100000] [id=23868]

Threads with active compile tasks:
C2 CompilerThread0   4061 5300       4       org.jetbrains.kotlin.resolve.OverridingUtil::collectOverriddenDeclarations (123 bytes)
C2 CompilerThread1   4061 5337       4       sun.nio.fs.WindowsPathParser::normalize (233 bytes)

VM state:at safepoint (normal execution)

VM Mutex/Monitor currently owned by a thread:  ([mutex/lock_event])
[0x0000012824e981d0] Threads_lock - owner thread: 0x0000012844451000
[0x0000012824e98bf0] Heap_lock - owner thread: 0x0000012824e9c000

Heap address: 0x0000000700c00000, size: 4084 MB, Compressed Oops mode: Zero based, Oop shift amount: 3
Narrow klass base: 0x0000000800000000, Narrow klass shift: 0
Compressed class space size: 1073741824 Address: 0x0000000800000000

Heap:
 garbage-first heap   total 315392K, used 42904K [0x0000000700c00000, 0x0000000800000000)
  region size 1024K, 11 young (11264K), 11 survivors (11264K)
 Metaspace       used 52969K, capacity 53477K, committed 53632K, reserved 1097728K
  class space    used 6044K, capacity 6260K, committed 6272K, reserved 1048576K
Heap Regions: E=young(eden), S=young(survivor), O=old, HS=humongous(starts), HC=humongous(continues), CS=collection set, F=free, A=archive, TAMS=top-at-mark-start (previous, next)
|   0|0x0000000700c00000, 0x0000000700d00000, 0x0000000700d00000|100%|HS|  |TAMS 0x0000000700d00000, 0x0000000700c00000| Complete 
|   1|0x0000000700d00000, 0x0000000700e00000, 0x0000000700e00000|100%|HC|  |TAMS 0x0000000700e00000, 0x0000000700d00000| Complete 
|   2|0x0000000700e00000, 0x0000000700f00000, 0x0000000700f00000|100%|HC|  |TAMS 0x0000000700f00000, 0x0000000700e00000| Complete 
|   3|0x0000000700f00000, 0x0000000701000000, 0x0000000701000000|100%|HC|  |TAMS 0x0000000701000000, 0x0000000700f00000| Complete 
|   4|0x0000000701000000, 0x0000000701100000, 0x0000000701100000|100%| O|  |TAMS 0x0000000701100000, 0x0000000701000000| Untracked 
|   5|0x0000000701100000, 0x0000000701200000, 0x0000000701200000|100%| O|  |TAMS 0x0000000701200000, 0x0000000701100000| Untracked 
|   6|0x0000000701200000, 0x0000000701300000, 0x0000000701300000|100%|HS|  |TAMS 0x0000000701300000, 0x0000000701200000| Complete 
|   7|0x0000000701300000, 0x0000000701400000, 0x0000000701400000|100%|HC|  |TAMS 0x0000000701400000, 0x0000000701300000| Complete 
|   8|0x0000000701400000, 0x0000000701500000, 0x0000000701500000|100%|HC|  |TAMS 0x0000000701500000, 0x0000000701400000| Complete 
|   9|0x0000000701500000, 0x0000000701600000, 0x0000000701600000|100%|HC|  |TAMS 0x0000000701600000, 0x0000000701500000| Complete 
|  10|0x0000000701600000, 0x0000000701600000, 0x0000000701700000|  0%| F|  |TAMS 0x0000000701600000, 0x0000000701600000| Untracked 
|  11|0x0000000701700000, 0x0000000701800000, 0x0000000701800000|100%| O|  |TAMS 0x0000000701700000, 0x0000000701700000| Untracked 
|  12|0x0000000701800000, 0x0000000701900000, 0x0000000701900000|100%| O|  |TAMS 0x0000000701900000, 0x0000000701800000| Untracked 
|  13|0x0000000701900000, 0x0000000701a00000, 0x0000000701a00000|100%| O|  |TAMS 0x0000000701a00000, 0x0000000701900000| Untracked 
|  14|0x0000000701a00000, 0x0000000701b00000, 0x0000000701b00000|100%| O|  |TAMS 0x0000000701b00000, 0x0000000701a00000| Untracked 
|  15|0x0000000701b00000, 0x0000000701c00000, 0x0000000701c00000|100%| O|  |TAMS 0x0000000701c00000, 0x0000000701b00000| Untracked 
|  16|0x0000000701c00000, 0x0000000701d00000, 0x0000000701d00000|100%| O|  |TAMS 0x0000000701d00000, 0x0000000701c00000| Untracked 
|  17|0x0000000701d00000, 0x0000000701e00000, 0x0000000701e00000|100%| O|  |TAMS 0x0000000701e00000, 0x0000000701d00000| Untracked 
|  18|0x0000000701e00000, 0x0000000701f00000, 0x0000000701f00000|100%| O|  |TAMS 0x0000000701f00000, 0x0000000701e00000| Untracked 
|  19|0x0000000701f00000, 0x0000000702000000, 0x0000000702000000|100%| O|  |TAMS 0x0000000702000000, 0x0000000701f00000| Untracked 
|  20|0x0000000702000000, 0x0000000702100000, 0x0000000702100000|100%| O|  |TAMS 0x0000000702100000, 0x0000000702000000| Untracked 
|  21|0x0000000702100000, 0x0000000702200000, 0x0000000702200000|100%| O|  |TAMS 0x0000000702200000, 0x0000000702100000| Untracked 
|  22|0x0000000702200000, 0x0000000702300000, 0x0000000702300000|100%| O|  |TAMS 0x000000070227e400, 0x0000000702200000| Untracked 
|  23|0x0000000702300000, 0x0000000702400000, 0x0000000702400000|100%|HS|  |TAMS 0x0000000702300000, 0x0000000702300000| Complete 
|  24|0x0000000702400000, 0x0000000702500000, 0x0000000702500000|100%|HC|  |TAMS 0x0000000702400000, 0x0000000702400000| Complete 
|  25|0x0000000702500000, 0x0000000702600000, 0x0000000702600000|100%| O|  |TAMS 0x0000000702500000, 0x0000000702500000| Untracked 
|  26|0x0000000702600000, 0x0000000702700000, 0x0000000702700000|100%| O|  |TAMS 0x0000000702600000, 0x0000000702600000| Untracked 
|  27|0x0000000702700000, 0x0000000702800000, 0x0000000702800000|100%| O|  |TAMS 0x0000000702700000, 0x0000000702700000| Untracked 
|  28|0x0000000702800000, 0x0000000702900000, 0x0000000702900000|100%| O|  |TAMS 0x0000000702800000, 0x0000000702800000| Untracked 
|  29|0x0000000702900000, 0x0000000702a00000, 0x0000000702a00000|100%| O|  |TAMS 0x0000000702900000, 0x0000000702900000| Untracked 
|  30|0x0000000702a00000, 0x0000000702b00000, 0x0000000702b00000|100%| O|  |TAMS 0x0000000702a00000, 0x0000000702a00000| Untracked 
|  31|0x0000000702b00000, 0x0000000702c00000, 0x0000000702c00000|100%| O|  |TAMS 0x0000000702b00000, 0x0000000702b00000| Untracked 
|  32|0x0000000702c00000, 0x0000000702c43a00, 0x0000000702d00000| 26%| O|  |TAMS 0x0000000702c00000, 0x0000000702c00000| Untracked 
|  33|0x0000000702d00000, 0x0000000702d00000, 0x0000000702e00000|  0%| F|  |TAMS 0x0000000702d00000, 0x0000000702d00000| Untracked 
|  34|0x0000000702e00000, 0x0000000702e00000, 0x0000000702f00000|  0%| F|  |TAMS 0x0000000702e00000, 0x0000000702e00000| Untracked 
|  35|0x0000000702f00000, 0x0000000702f00000, 0x0000000703000000|  0%| F|  |TAMS 0x0000000702f00000, 0x0000000702f00000| Untracked 
|  36|0x0000000703000000, 0x0000000703000000, 0x0000000703100000|  0%| F|  |TAMS 0x0000000703000000, 0x0000000703000000| Untracked 
|  37|0x0000000703100000, 0x0000000703100000, 0x0000000703200000|  0%| F|  |TAMS 0x0000000703100000, 0x0000000703100000| Untracked 
|  38|0x0000000703200000, 0x0000000703200000, 0x0000000703300000|  0%| F|  |TAMS 0x0000000703200000, 0x0000000703200000| Untracked 
|  39|0x0000000703300000, 0x0000000703300000, 0x0000000703400000|  0%| F|  |TAMS 0x0000000703300000, 0x0000000703300000| Untracked 
|  40|0x0000000703400000, 0x0000000703400000, 0x0000000703500000|  0%| F|  |TAMS 0x0000000703400000, 0x0000000703400000| Untracked 
|  41|0x0000000703500000, 0x0000000703500000, 0x0000000703600000|  0%| F|  |TAMS 0x0000000703500000, 0x0000000703500000| Untracked 
|  42|0x0000000703600000, 0x0000000703600000, 0x0000000703700000|  0%| F|  |TAMS 0x0000000703600000, 0x0000000703600000| Untracked 
|  43|0x0000000703700000, 0x0000000703700000, 0x0000000703800000|  0%| F|  |TAMS 0x0000000703700000, 0x0000000703700000| Untracked 
|  44|0x0000000703800000, 0x0000000703800000, 0x0000000703900000|  0%| F|  |TAMS 0x0000000703800000, 0x0000000703800000| Untracked 
|  45|0x0000000703900000, 0x0000000703900000, 0x0000000703a00000|  0%| F|  |TAMS 0x0000000703900000, 0x0000000703900000| Untracked 
|  46|0x0000000703a00000, 0x0000000703a00000, 0x0000000703b00000|  0%| F|  |TAMS 0x0000000703a00000, 0x0000000703a00000| Untracked 
|  47|0x0000000703b00000, 0x0000000703b00000, 0x0000000703c00000|  0%| F|  |TAMS 0x0000000703b00000, 0x0000000703b00000| Untracked 
|  48|0x0000000703c00000, 0x0000000703c00000, 0x0000000703d00000|  0%| F|  |TAMS 0x0000000703c00000, 0x0000000703c00000| Untracked 
|  49|0x0000000703d00000, 0x0000000703d00000, 0x0000000703e00000|  0%| F|  |TAMS 0x0000000703d00000, 0x0000000703d00000| Untracked 
|  50|0x0000000703e00000, 0x0000000703e00000, 0x0000000703f00000|  0%| F|  |TAMS 0x0000000703e00000, 0x0000000703e00000| Untracked 
|  51|0x0000000703f00000, 0x0000000703f00000, 0x0000000704000000|  0%| F|  |TAMS 0x0000000703f00000, 0x0000000703f00000| Untracked 
|  52|0x0000000704000000, 0x0000000704000000, 0x0000000704100000|  0%| F|  |TAMS 0x0000000704000000, 0x0000000704000000| Untracked 
|  53|0x0000000704100000, 0x0000000704100000, 0x0000000704200000|  0%| F|  |TAMS 0x0000000704100000, 0x0000000704100000| Untracked 
|  54|0x0000000704200000, 0x0000000704200000, 0x0000000704300000|  0%| F|  |TAMS 0x0000000704200000, 0x0000000704200000| Untracked 
|  55|0x0000000704300000, 0x0000000704300000, 0x0000000704400000|  0%| F|  |TAMS 0x0000000704300000, 0x0000000704300000| Untracked 
|  56|0x0000000704400000, 0x0000000704400000, 0x0000000704500000|  0%| F|  |TAMS 0x0000000704400000, 0x0000000704400000| Untracked 
|  57|0x0000000704500000, 0x0000000704500000, 0x0000000704600000|  0%| F|  |TAMS 0x0000000704500000, 0x0000000704500000| Untracked 
|  58|0x0000000704600000, 0x0000000704600000, 0x0000000704700000|  0%| F|  |TAMS 0x0000000704600000, 0x0000000704600000| Untracked 
|  59|0x0000000704700000, 0x0000000704700000, 0x0000000704800000|  0%| F|  |TAMS 0x0000000704700000, 0x0000000704700000| Untracked 
|  60|0x0000000704800000, 0x0000000704800000, 0x0000000704900000|  0%| F|  |TAMS 0x0000000704800000, 0x0000000704800000| Untracked 
|  61|0x0000000704900000, 0x0000000704900000, 0x0000000704a00000|  0%| F|  |TAMS 0x0000000704900000, 0x0000000704900000| Untracked 
|  62|0x0000000704a00000, 0x0000000704a00000, 0x0000000704b00000|  0%| F|  |TAMS 0x0000000704a00000, 0x0000000704a00000| Untracked 
|  63|0x0000000704b00000, 0x0000000704b00000, 0x0000000704c00000|  0%| F|  |TAMS 0x0000000704b00000, 0x0000000704b00000| Untracked 
|  64|0x0000000704c00000, 0x0000000704c00000, 0x0000000704d00000|  0%| F|  |TAMS 0x0000000704c00000, 0x0000000704c00000| Untracked 
|  65|0x0000000704d00000, 0x0000000704d00000, 0x0000000704e00000|  0%| F|  |TAMS 0x0000000704d00000, 0x0000000704d00000| Untracked 
|  66|0x0000000704e00000, 0x0000000704e00000, 0x0000000704f00000|  0%| F|  |TAMS 0x0000000704e00000, 0x0000000704e00000| Untracked 
|  67|0x0000000704f00000, 0x0000000704f00000, 0x0000000705000000|  0%| F|  |TAMS 0x0000000704f00000, 0x0000000704f00000| Untracked 
|  68|0x0000000705000000, 0x0000000705000000, 0x0000000705100000|  0%| F|  |TAMS 0x0000000705000000, 0x0000000705000000| Untracked 
|  69|0x0000000705100000, 0x0000000705100000, 0x0000000705200000|  0%| F|  |TAMS 0x0000000705100000, 0x0000000705100000| Untracked 
|  70|0x0000000705200000, 0x0000000705200000, 0x0000000705300000|  0%| F|  |TAMS 0x0000000705200000, 0x0000000705200000| Untracked 
|  71|0x0000000705300000, 0x0000000705300000, 0x0000000705400000|  0%| F|  |TAMS 0x0000000705300000, 0x0000000705300000| Untracked 
|  72|0x0000000705400000, 0x0000000705400000, 0x0000000705500000|  0%| F|  |TAMS 0x0000000705400000, 0x0000000705400000| Untracked 
|  73|0x0000000705500000, 0x0000000705500000, 0x0000000705600000|  0%| F|  |TAMS 0x0000000705500000, 0x0000000705500000| Untracked 
|  74|0x0000000705600000, 0x0000000705600000, 0x0000000705700000|  0%| F|  |TAMS 0x0000000705600000, 0x0000000705600000| Untracked 
|  75|0x0000000705700000, 0x0000000705700000, 0x0000000705800000|  0%| F|  |TAMS 0x0000000705700000, 0x0000000705700000| Untracked 
|  76|0x0000000705800000, 0x0000000705800000, 0x0000000705900000|  0%| F|  |TAMS 0x0000000705800000, 0x0000000705800000| Untracked 
|  77|0x0000000705900000, 0x0000000705900000, 0x0000000705a00000|  0%| F|  |TAMS 0x0000000705900000, 0x0000000705900000| Untracked 
|  78|0x0000000705a00000, 0x0000000705a00000, 0x0000000705b00000|  0%| F|  |TAMS 0x0000000705a00000, 0x0000000705a00000| Untracked 
|  79|0x0000000705b00000, 0x0000000705b00000, 0x0000000705c00000|  0%| F|  |TAMS 0x0000000705b00000, 0x0000000705b00000| Untracked 
|  80|0x0000000705c00000, 0x0000000705c00000, 0x0000000705d00000|  0%| F|  |TAMS 0x0000000705c00000, 0x0000000705c00000| Untracked 
|  81|0x0000000705d00000, 0x0000000705d00000, 0x0000000705e00000|  0%| F|  |TAMS 0x0000000705d00000, 0x0000000705d00000| Untracked 
|  82|0x0000000705e00000, 0x0000000705e00000, 0x0000000705f00000|  0%| F|  |TAMS 0x0000000705e00000, 0x0000000705e00000| Untracked 
|  83|0x0000000705f00000, 0x0000000705f00000, 0x0000000706000000|  0%| F|  |TAMS 0x0000000705f00000, 0x0000000705f00000| Untracked 
|  84|0x0000000706000000, 0x0000000706000000, 0x0000000706100000|  0%| F|  |TAMS 0x0000000706000000, 0x0000000706000000| Untracked 
|  85|0x0000000706100000, 0x0000000706100000, 0x0000000706200000|  0%| F|  |TAMS 0x0000000706100000, 0x0000000706100000| Untracked 
|  86|0x0000000706200000, 0x0000000706200000, 0x0000000706300000|  0%| F|  |TAMS 0x0000000706200000, 0x0000000706200000| Untracked 
|  87|0x0000000706300000, 0x0000000706300000, 0x0000000706400000|  0%| F|  |TAMS 0x0000000706300000, 0x0000000706300000| Untracked 
|  88|0x0000000706400000, 0x0000000706400000, 0x0000000706500000|  0%| F|  |TAMS 0x0000000706400000, 0x0000000706400000| Untracked 
|  89|0x0000000706500000, 0x0000000706500000, 0x0000000706600000|  0%| F|  |TAMS 0x0000000706500000, 0x0000000706500000| Untracked 
|  90|0x0000000706600000, 0x0000000706600000, 0x0000000706700000|  0%| F|  |TAMS 0x0000000706600000, 0x0000000706600000| Untracked 
|  91|0x0000000706700000, 0x0000000706700000, 0x0000000706800000|  0%| F|  |TAMS 0x0000000706700000, 0x0000000706700000| Untracked 
|  92|0x0000000706800000, 0x0000000706800000, 0x0000000706900000|  0%| F|  |TAMS 0x0000000706800000, 0x0000000706800000| Untracked 
|  93|0x0000000706900000, 0x0000000706900000, 0x0000000706a00000|  0%| F|  |TAMS 0x0000000706900000, 0x0000000706900000| Untracked 
|  94|0x0000000706a00000, 0x0000000706a00000, 0x0000000706b00000|  0%| F|  |TAMS 0x0000000706a00000, 0x0000000706a00000| Untracked 
|  95|0x0000000706b00000, 0x0000000706b00000, 0x0000000706c00000|  0%| F|  |TAMS 0x0000000706b00000, 0x0000000706b00000| Untracked 
|  96|0x0000000706c00000, 0x0000000706c00000, 0x0000000706d00000|  0%| F|  |TAMS 0x0000000706c00000, 0x0000000706c00000| Untracked 
|  97|0x0000000706d00000, 0x0000000706d00000, 0x0000000706e00000|  0%| F|  |TAMS 0x0000000706d00000, 0x0000000706d00000| Untracked 
|  98|0x0000000706e00000, 0x0000000706e00000, 0x0000000706f00000|  0%| F|  |TAMS 0x0000000706e00000, 0x0000000706e00000| Untracked 
|  99|0x0000000706f00000, 0x0000000706f00000, 0x0000000707000000|  0%| F|  |TAMS 0x0000000706f00000, 0x0000000706f00000| Untracked 
| 100|0x0000000707000000, 0x0000000707000000, 0x0000000707100000|  0%| F|  |TAMS 0x0000000707000000, 0x0000000707000000| Untracked 
| 101|0x0000000707100000, 0x0000000707100000, 0x0000000707200000|  0%| F|  |TAMS 0x0000000707100000, 0x0000000707100000| Untracked 
| 102|0x0000000707200000, 0x0000000707200000, 0x0000000707300000|  0%| F|  |TAMS 0x0000000707200000, 0x0000000707200000| Untracked 
| 103|0x0000000707300000, 0x0000000707300000, 0x0000000707400000|  0%| F|  |TAMS 0x0000000707300000, 0x0000000707300000| Untracked 
| 104|0x0000000707400000, 0x0000000707400000, 0x0000000707500000|  0%| F|  |TAMS 0x0000000707400000, 0x0000000707400000| Untracked 
| 105|0x0000000707500000, 0x0000000707500000, 0x0000000707600000|  0%| F|  |TAMS 0x0000000707500000, 0x0000000707500000| Untracked 
| 106|0x0000000707600000, 0x0000000707600000, 0x0000000707700000|  0%| F|  |TAMS 0x0000000707600000, 0x0000000707600000| Untracked 
| 107|0x0000000707700000, 0x0000000707700000, 0x0000000707800000|  0%| F|  |TAMS 0x0000000707700000, 0x0000000707700000| Untracked 
| 108|0x0000000707800000, 0x0000000707800000, 0x0000000707900000|  0%| F|  |TAMS 0x0000000707800000, 0x0000000707800000| Untracked 
| 109|0x0000000707900000, 0x0000000707900000, 0x0000000707a00000|  0%| F|  |TAMS 0x0000000707900000, 0x0000000707900000| Untracked 
| 110|0x0000000707a00000, 0x0000000707a00000, 0x0000000707b00000|  0%| F|  |TAMS 0x0000000707a00000, 0x0000000707a00000| Untracked 
| 111|0x0000000707b00000, 0x0000000707b00000, 0x0000000707c00000|  0%| F|  |TAMS 0x0000000707b00000, 0x0000000707b00000| Untracked 
| 112|0x0000000707c00000, 0x0000000707c00000, 0x0000000707d00000|  0%| F|  |TAMS 0x0000000707c00000, 0x0000000707c00000| Untracked 
| 113|0x0000000707d00000, 0x0000000707d00000, 0x0000000707e00000|  0%| F|  |TAMS 0x0000000707d00000, 0x0000000707d00000| Untracked 
| 114|0x0000000707e00000, 0x0000000707e00000, 0x0000000707f00000|  0%| F|  |TAMS 0x0000000707e00000, 0x0000000707e00000| Untracked 
| 115|0x0000000707f00000, 0x0000000707f00000, 0x0000000708000000|  0%| F|  |TAMS 0x0000000707f00000, 0x0000000707f00000| Untracked 
| 116|0x0000000708000000, 0x0000000708000000, 0x0000000708100000|  0%| F|  |TAMS 0x0000000708000000, 0x0000000708000000| Untracked 
| 117|0x0000000708100000, 0x0000000708100000, 0x0000000708200000|  0%| F|  |TAMS 0x0000000708100000, 0x0000000708100000| Untracked 
| 118|0x0000000708200000, 0x0000000708200000, 0x0000000708300000|  0%| F|  |TAMS 0x0000000708200000, 0x0000000708200000| Untracked 
| 119|0x0000000708300000, 0x0000000708300000, 0x0000000708400000|  0%| F|  |TAMS 0x0000000708300000, 0x0000000708300000| Untracked 
| 120|0x0000000708400000, 0x0000000708400000, 0x0000000708500000|  0%| F|  |TAMS 0x0000000708400000, 0x0000000708400000| Untracked 
| 121|0x0000000708500000, 0x0000000708500000, 0x0000000708600000|  0%| F|  |TAMS 0x0000000708500000, 0x0000000708500000| Untracked 
| 122|0x0000000708600000, 0x0000000708600000, 0x0000000708700000|  0%| F|  |TAMS 0x0000000708600000, 0x0000000708600000| Untracked 
| 123|0x0000000708700000, 0x0000000708700000, 0x0000000708800000|  0%| F|  |TAMS 0x0000000708700000, 0x0000000708700000| Untracked 
| 124|0x0000000708800000, 0x0000000708800000, 0x0000000708900000|  0%| F|  |TAMS 0x0000000708800000, 0x0000000708800000| Untracked 
| 125|0x0000000708900000, 0x0000000708900000, 0x0000000708a00000|  0%| F|  |TAMS 0x0000000708900000, 0x0000000708900000| Untracked 
| 126|0x0000000708a00000, 0x0000000708a00000, 0x0000000708b00000|  0%| F|  |TAMS 0x0000000708a00000, 0x0000000708a00000| Untracked 
| 127|0x0000000708b00000, 0x0000000708b00000, 0x0000000708c00000|  0%| F|  |TAMS 0x0000000708b00000, 0x0000000708b00000| Untracked 
| 128|0x0000000708c00000, 0x0000000708c00000, 0x0000000708d00000|  0%| F|  |TAMS 0x0000000708c00000, 0x0000000708c00000| Untracked 
| 129|0x0000000708d00000, 0x0000000708d00000, 0x0000000708e00000|  0%| F|  |TAMS 0x0000000708d00000, 0x0000000708d00000| Untracked 
| 130|0x0000000708e00000, 0x0000000708e00000, 0x0000000708f00000|  0%| F|  |TAMS 0x0000000708e00000, 0x0000000708e00000| Untracked 
| 131|0x0000000708f00000, 0x0000000708f00000, 0x0000000709000000|  0%| F|  |TAMS 0x0000000708f00000, 0x0000000708f00000| Untracked 
| 132|0x0000000709000000, 0x0000000709000000, 0x0000000709100000|  0%| F|  |TAMS 0x0000000709000000, 0x0000000709000000| Untracked 
| 133|0x0000000709100000, 0x0000000709100000, 0x0000000709200000|  0%| F|  |TAMS 0x0000000709100000, 0x0000000709100000| Untracked 
| 134|0x0000000709200000, 0x0000000709200000, 0x0000000709300000|  0%| F|  |TAMS 0x0000000709200000, 0x0000000709200000| Untracked 
| 135|0x0000000709300000, 0x0000000709300000, 0x0000000709400000|  0%| F|  |TAMS 0x0000000709300000, 0x0000000709300000| Untracked 
| 136|0x0000000709400000, 0x0000000709400000, 0x0000000709500000|  0%| F|  |TAMS 0x0000000709400000, 0x0000000709400000| Untracked 
| 137|0x0000000709500000, 0x0000000709500000, 0x0000000709600000|  0%| F|  |TAMS 0x0000000709500000, 0x0000000709500000| Untracked 
| 138|0x0000000709600000, 0x0000000709600000, 0x0000000709700000|  0%| F|  |TAMS 0x0000000709600000, 0x0000000709600000| Untracked 
| 139|0x0000000709700000, 0x0000000709700000, 0x0000000709800000|  0%| F|  |TAMS 0x0000000709700000, 0x0000000709700000| Untracked 
| 140|0x0000000709800000, 0x0000000709800000, 0x0000000709900000|  0%| F|  |TAMS 0x0000000709800000, 0x0000000709800000| Untracked 
| 141|0x0000000709900000, 0x0000000709900000, 0x0000000709a00000|  0%| F|  |TAMS 0x0000000709900000, 0x0000000709900000| Untracked 
| 142|0x0000000709a00000, 0x0000000709a00000, 0x0000000709b00000|  0%| F|  |TAMS 0x0000000709a00000, 0x0000000709a00000| Untracked 
| 143|0x0000000709b00000, 0x0000000709b00000, 0x0000000709c00000|  0%| F|  |TAMS 0x0000000709b00000, 0x0000000709b00000| Untracked 
| 144|0x0000000709c00000, 0x0000000709c00000, 0x0000000709d00000|  0%| F|  |TAMS 0x0000000709c00000, 0x0000000709c00000| Untracked 
| 145|0x0000000709d00000, 0x0000000709d00000, 0x0000000709e00000|  0%| F|  |TAMS 0x0000000709d00000, 0x0000000709d00000| Untracked 
| 146|0x0000000709e00000, 0x0000000709e00000, 0x0000000709f00000|  0%| F|  |TAMS 0x0000000709e00000, 0x0000000709e00000| Untracked 
| 147|0x0000000709f00000, 0x0000000709f00000, 0x000000070a000000|  0%| F|  |TAMS 0x0000000709f00000, 0x0000000709f00000| Untracked 
| 148|0x000000070a000000, 0x000000070a000000, 0x000000070a100000|  0%| F|  |TAMS 0x000000070a000000, 0x000000070a000000| Untracked 
| 149|0x000000070a100000, 0x000000070a1a2708, 0x000000070a200000| 63%| S|CS|TAMS 0x000000070a100000, 0x000000070a100000| Complete 
| 150|0x000000070a200000, 0x000000070a300000, 0x000000070a300000|100%| S|CS|TAMS 0x000000070a200000, 0x000000070a200000| Complete 
| 151|0x000000070a300000, 0x000000070a400000, 0x000000070a400000|100%| S|CS|TAMS 0x000000070a300000, 0x000000070a300000| Complete 
| 152|0x000000070a400000, 0x000000070a500000, 0x000000070a500000|100%| S|CS|TAMS 0x000000070a400000, 0x000000070a400000| Complete 
| 153|0x000000070a500000, 0x000000070a600000, 0x000000070a600000|100%| S|CS|TAMS 0x000000070a500000, 0x000000070a500000| Complete 
| 154|0x000000070a600000, 0x000000070a700000, 0x000000070a700000|100%| S|CS|TAMS 0x000000070a600000, 0x000000070a600000| Complete 
| 155|0x000000070a700000, 0x000000070a800000, 0x000000070a800000|100%| S|CS|TAMS 0x000000070a700000, 0x000000070a700000| Complete 
| 156|0x000000070a800000, 0x000000070a900000, 0x000000070a900000|100%| S|CS|TAMS 0x000000070a800000, 0x000000070a800000| Complete 
| 157|0x000000070a900000, 0x000000070aa00000, 0x000000070aa00000|100%| S|CS|TAMS 0x000000070a900000, 0x000000070a900000| Complete 
| 158|0x000000070aa00000, 0x000000070ab00000, 0x000000070ab00000|100%| S|CS|TAMS 0x000000070aa00000, 0x000000070aa00000| Complete 
| 159|0x000000070ab00000, 0x000000070ac00000, 0x000000070ac00000|100%| S|CS|TAMS 0x000000070ab00000, 0x000000070ab00000| Complete 
| 160|0x000000070ac00000, 0x000000070ac00000, 0x000000070ad00000|  0%| F|  |TAMS 0x000000070ac00000, 0x000000070ac00000| Untracked 
| 161|0x000000070ad00000, 0x000000070ad00000, 0x000000070ae00000|  0%| F|  |TAMS 0x000000070ad00000, 0x000000070ad00000| Untracked 
| 162|0x000000070ae00000, 0x000000070ae00000, 0x000000070af00000|  0%| F|  |TAMS 0x000000070ae00000, 0x000000070ae00000| Untracked 
| 163|0x000000070af00000, 0x000000070af00000, 0x000000070b000000|  0%| F|  |TAMS 0x000000070af00000, 0x000000070af00000| Untracked 
| 164|0x000000070b000000, 0x000000070b000000, 0x000000070b100000|  0%| F|  |TAMS 0x000000070b000000, 0x000000070b000000| Untracked 
| 165|0x000000070b100000, 0x000000070b100000, 0x000000070b200000|  0%| F|  |TAMS 0x000000070b100000, 0x000000070b100000| Untracked 
| 166|0x000000070b200000, 0x000000070b200000, 0x000000070b300000|  0%| F|  |TAMS 0x000000070b200000, 0x000000070b200000| Untracked 
| 167|0x000000070b300000, 0x000000070b300000, 0x000000070b400000|  0%| F|  |TAMS 0x000000070b300000, 0x000000070b300000| Untracked 
| 168|0x000000070b400000, 0x000000070b400000, 0x000000070b500000|  0%| F|  |TAMS 0x000000070b400000, 0x000000070b400000| Untracked 
| 169|0x000000070b500000, 0x000000070b500000, 0x000000070b600000|  0%| F|  |TAMS 0x000000070b500000, 0x000000070b500000| Untracked 
| 170|0x000000070b600000, 0x000000070b600000, 0x000000070b700000|  0%| F|  |TAMS 0x000000070b600000, 0x000000070b600000| Untracked 
| 171|0x000000070b700000, 0x000000070b700000, 0x000000070b800000|  0%| F|  |TAMS 0x000000070b700000, 0x000000070b700000| Untracked 
| 172|0x000000070b800000, 0x000000070b800000, 0x000000070b900000|  0%| F|  |TAMS 0x000000070b800000, 0x000000070b800000| Untracked 
| 173|0x000000070b900000, 0x000000070b900000, 0x000000070ba00000|  0%| F|  |TAMS 0x000000070b900000, 0x000000070b900000| Untracked 
| 174|0x000000070ba00000, 0x000000070ba00000, 0x000000070bb00000|  0%| F|  |TAMS 0x000000070ba00000, 0x000000070ba00000| Untracked 
| 175|0x000000070bb00000, 0x000000070bb00000, 0x000000070bc00000|  0%| F|  |TAMS 0x000000070bb00000, 0x000000070bb00000| Untracked 
| 176|0x000000070bc00000, 0x000000070bc00000, 0x000000070bd00000|  0%| F|  |TAMS 0x000000070bc00000, 0x000000070bc00000| Untracked 
| 177|0x000000070bd00000, 0x000000070bd00000, 0x000000070be00000|  0%| F|  |TAMS 0x000000070bd00000, 0x000000070bd00000| Untracked 
| 178|0x000000070be00000, 0x000000070be00000, 0x000000070bf00000|  0%| F|  |TAMS 0x000000070be00000, 0x000000070be00000| Untracked 
| 179|0x000000070bf00000, 0x000000070bf00000, 0x000000070c000000|  0%| F|  |TAMS 0x000000070bf00000, 0x000000070bf00000| Untracked 
| 180|0x000000070c000000, 0x000000070c000000, 0x000000070c100000|  0%| F|  |TAMS 0x000000070c000000, 0x000000070c000000| Untracked 
| 181|0x000000070c100000, 0x000000070c100000, 0x000000070c200000|  0%| F|  |TAMS 0x000000070c100000, 0x000000070c100000| Untracked 
| 182|0x000000070c200000, 0x000000070c200000, 0x000000070c300000|  0%| F|  |TAMS 0x000000070c200000, 0x000000070c200000| Untracked 
| 183|0x000000070c300000, 0x000000070c300000, 0x000000070c400000|  0%| F|  |TAMS 0x000000070c300000, 0x000000070c300000| Untracked 
| 184|0x000000070c400000, 0x000000070c400000, 0x000000070c500000|  0%| F|  |TAMS 0x000000070c400000, 0x000000070c400000| Untracked 
| 185|0x000000070c500000, 0x000000070c500000, 0x000000070c600000|  0%| F|  |TAMS 0x000000070c500000, 0x000000070c500000| Untracked 
| 186|0x000000070c600000, 0x000000070c600000, 0x000000070c700000|  0%| F|  |TAMS 0x000000070c600000, 0x000000070c600000| Untracked 
| 187|0x000000070c700000, 0x000000070c700000, 0x000000070c800000|  0%| F|  |TAMS 0x000000070c700000, 0x000000070c700000| Untracked 
| 188|0x000000070c800000, 0x000000070c800000, 0x000000070c900000|  0%| F|  |TAMS 0x000000070c800000, 0x000000070c800000| Untracked 
| 189|0x000000070c900000, 0x000000070c900000, 0x000000070ca00000|  0%| F|  |TAMS 0x000000070c900000, 0x000000070c900000| Untracked 
| 190|0x000000070ca00000, 0x000000070ca00000, 0x000000070cb00000|  0%| F|  |TAMS 0x000000070ca00000, 0x000000070ca00000| Untracked 
| 191|0x000000070cb00000, 0x000000070cb00000, 0x000000070cc00000|  0%| F|  |TAMS 0x000000070cb00000, 0x000000070cb00000| Untracked 
| 192|0x000000070cc00000, 0x000000070cc00000, 0x000000070cd00000|  0%| F|  |TAMS 0x000000070cc00000, 0x000000070cc00000| Untracked 
| 193|0x000000070cd00000, 0x000000070cd00000, 0x000000070ce00000|  0%| F|  |TAMS 0x000000070cd00000, 0x000000070cd00000| Untracked 
| 194|0x000000070ce00000, 0x000000070ce00000, 0x000000070cf00000|  0%| F|  |TAMS 0x000000070ce00000, 0x000000070ce00000| Untracked 
| 195|0x000000070cf00000, 0x000000070cf00000, 0x000000070d000000|  0%| F|  |TAMS 0x000000070cf00000, 0x000000070cf00000| Untracked 
| 196|0x000000070d000000, 0x000000070d000000, 0x000000070d100000|  0%| F|  |TAMS 0x000000070d000000, 0x000000070d000000| Untracked 
| 197|0x000000070d100000, 0x000000070d100000, 0x000000070d200000|  0%| F|  |TAMS 0x000000070d100000, 0x000000070d100000| Untracked 
| 198|0x000000070d200000, 0x000000070d200000, 0x000000070d300000|  0%| F|  |TAMS 0x000000070d200000, 0x000000070d200000| Untracked 
| 199|0x000000070d300000, 0x000000070d300000, 0x000000070d400000|  0%| F|  |TAMS 0x000000070d300000, 0x000000070d300000| Untracked 
| 200|0x000000070d400000, 0x000000070d400000, 0x000000070d500000|  0%| F|  |TAMS 0x000000070d400000, 0x000000070d400000| Untracked 
| 201|0x000000070d500000, 0x000000070d500000, 0x000000070d600000|  0%| F|  |TAMS 0x000000070d500000, 0x000000070d500000| Untracked 
| 202|0x000000070d600000, 0x000000070d600000, 0x000000070d700000|  0%| F|  |TAMS 0x000000070d600000, 0x000000070d600000| Untracked 
| 203|0x000000070d700000, 0x000000070d700000, 0x000000070d800000|  0%| F|  |TAMS 0x000000070d700000, 0x000000070d700000| Untracked 
| 204|0x000000070d800000, 0x000000070d800000, 0x000000070d900000|  0%| F|  |TAMS 0x000000070d800000, 0x000000070d800000| Untracked 
| 205|0x000000070d900000, 0x000000070d900000, 0x000000070da00000|  0%| F|  |TAMS 0x000000070d900000, 0x000000070d900000| Untracked 
| 206|0x000000070da00000, 0x000000070da00000, 0x000000070db00000|  0%| F|  |TAMS 0x000000070da00000, 0x000000070da00000| Untracked 
| 207|0x000000070db00000, 0x000000070db00000, 0x000000070dc00000|  0%| F|  |TAMS 0x000000070db00000, 0x000000070db00000| Untracked 
| 208|0x000000070dc00000, 0x000000070dc00000, 0x000000070dd00000|  0%| F|  |TAMS 0x000000070dc00000, 0x000000070dc00000| Untracked 
| 209|0x000000070dd00000, 0x000000070dd00000, 0x000000070de00000|  0%| F|  |TAMS 0x000000070dd00000, 0x000000070dd00000| Untracked 
| 210|0x000000070de00000, 0x000000070de00000, 0x000000070df00000|  0%| F|  |TAMS 0x000000070de00000, 0x000000070de00000| Untracked 
| 211|0x000000070df00000, 0x000000070df00000, 0x000000070e000000|  0%| F|  |TAMS 0x000000070df00000, 0x000000070df00000| Untracked 
| 212|0x000000070e000000, 0x000000070e000000, 0x000000070e100000|  0%| F|  |TAMS 0x000000070e000000, 0x000000070e000000| Untracked 
| 213|0x000000070e100000, 0x000000070e100000, 0x000000070e200000|  0%| F|  |TAMS 0x000000070e100000, 0x000000070e100000| Untracked 
| 214|0x000000070e200000, 0x000000070e200000, 0x000000070e300000|  0%| F|  |TAMS 0x000000070e200000, 0x000000070e200000| Untracked 
| 215|0x000000070e300000, 0x000000070e300000, 0x000000070e400000|  0%| F|  |TAMS 0x000000070e300000, 0x000000070e300000| Untracked 
| 216|0x000000070e400000, 0x000000070e400000, 0x000000070e500000|  0%| F|  |TAMS 0x000000070e400000, 0x000000070e400000| Untracked 
| 217|0x000000070e500000, 0x000000070e500000, 0x000000070e600000|  0%| F|  |TAMS 0x000000070e500000, 0x000000070e500000| Untracked 
| 218|0x000000070e600000, 0x000000070e600000, 0x000000070e700000|  0%| F|  |TAMS 0x000000070e600000, 0x000000070e600000| Untracked 
| 219|0x000000070e700000, 0x000000070e700000, 0x000000070e800000|  0%| F|  |TAMS 0x000000070e700000, 0x000000070e700000| Untracked 
| 220|0x000000070e800000, 0x000000070e800000, 0x000000070e900000|  0%| F|  |TAMS 0x000000070e800000, 0x000000070e800000| Untracked 
| 221|0x000000070e900000, 0x000000070e900000, 0x000000070ea00000|  0%| F|  |TAMS 0x000000070e900000, 0x000000070e900000| Untracked 
| 222|0x000000070ea00000, 0x000000070ea00000, 0x000000070eb00000|  0%| F|  |TAMS 0x000000070ea00000, 0x000000070ea00000| Untracked 
| 223|0x000000070eb00000, 0x000000070eb00000, 0x000000070ec00000|  0%| F|  |TAMS 0x000000070eb00000, 0x000000070eb00000| Untracked 
| 224|0x000000070ec00000, 0x000000070ec00000, 0x000000070ed00000|  0%| F|  |TAMS 0x000000070ec00000, 0x000000070ec00000| Untracked 
| 225|0x000000070ed00000, 0x000000070ed00000, 0x000000070ee00000|  0%| F|  |TAMS 0x000000070ed00000, 0x000000070ed00000| Untracked 
| 226|0x000000070ee00000, 0x000000070ee00000, 0x000000070ef00000|  0%| F|  |TAMS 0x000000070ee00000, 0x000000070ee00000| Untracked 
| 227|0x000000070ef00000, 0x000000070ef00000, 0x000000070f000000|  0%| F|  |TAMS 0x000000070ef00000, 0x000000070ef00000| Untracked 
| 228|0x000000070f000000, 0x000000070f000000, 0x000000070f100000|  0%| F|  |TAMS 0x000000070f000000, 0x000000070f000000| Untracked 
| 229|0x000000070f100000, 0x000000070f100000, 0x000000070f200000|  0%| F|  |TAMS 0x000000070f100000, 0x000000070f100000| Untracked 
| 230|0x000000070f200000, 0x000000070f200000, 0x000000070f300000|  0%| F|  |TAMS 0x000000070f200000, 0x000000070f200000| Untracked 
| 231|0x000000070f300000, 0x000000070f300000, 0x000000070f400000|  0%| F|  |TAMS 0x000000070f300000, 0x000000070f300000| Untracked 
| 232|0x000000070f400000, 0x000000070f400000, 0x000000070f500000|  0%| F|  |TAMS 0x000000070f400000, 0x000000070f400000| Untracked 
| 233|0x000000070f500000, 0x000000070f500000, 0x000000070f600000|  0%| F|  |TAMS 0x000000070f500000, 0x000000070f500000| Untracked 
| 234|0x000000070f600000, 0x000000070f600000, 0x000000070f700000|  0%| F|  |TAMS 0x000000070f600000, 0x000000070f600000| Untracked 
| 235|0x000000070f700000, 0x000000070f700000, 0x000000070f800000|  0%| F|  |TAMS 0x000000070f700000, 0x000000070f700000| Untracked 
| 236|0x000000070f800000, 0x000000070f800000, 0x000000070f900000|  0%| F|  |TAMS 0x000000070f800000, 0x000000070f800000| Untracked 
| 237|0x000000070f900000, 0x000000070f900000, 0x000000070fa00000|  0%| F|  |TAMS 0x000000070f900000, 0x000000070f900000| Untracked 
| 238|0x000000070fa00000, 0x000000070fa00000, 0x000000070fb00000|  0%| F|  |TAMS 0x000000070fa00000, 0x000000070fa00000| Untracked 
| 239|0x000000070fb00000, 0x000000070fb00000, 0x000000070fc00000|  0%| F|  |TAMS 0x000000070fb00000, 0x000000070fb00000| Untracked 
| 240|0x000000070fc00000, 0x000000070fc00000, 0x000000070fd00000|  0%| F|  |TAMS 0x000000070fc00000, 0x000000070fc00000| Untracked 
| 241|0x000000070fd00000, 0x000000070fd00000, 0x000000070fe00000|  0%| F|  |TAMS 0x000000070fd00000, 0x000000070fd00000| Untracked 
| 242|0x000000070fe00000, 0x000000070fe00000, 0x000000070ff00000|  0%| F|  |TAMS 0x000000070fe00000, 0x000000070fe00000| Untracked 
| 243|0x000000070ff00000, 0x000000070ff00000, 0x0000000710000000|  0%| F|  |TAMS 0x000000070ff00000, 0x000000070ff00000| Untracked 
| 244|0x0000000710000000, 0x0000000710000000, 0x0000000710100000|  0%| F|  |TAMS 0x0000000710000000, 0x0000000710000000| Untracked 
| 245|0x0000000710100000, 0x0000000710100000, 0x0000000710200000|  0%| F|  |TAMS 0x0000000710100000, 0x0000000710100000| Untracked 
| 246|0x0000000710200000, 0x0000000710200000, 0x0000000710300000|  0%| F|  |TAMS 0x0000000710200000, 0x0000000710200000| Untracked 
| 247|0x0000000710300000, 0x0000000710300000, 0x0000000710400000|  0%| F|  |TAMS 0x0000000710300000, 0x0000000710300000| Untracked 
| 248|0x0000000710400000, 0x0000000710400000, 0x0000000710500000|  0%| F|  |TAMS 0x0000000710400000, 0x0000000710400000| Untracked 
| 249|0x0000000710500000, 0x0000000710500000, 0x0000000710600000|  0%| F|  |TAMS 0x0000000710500000, 0x0000000710500000| Untracked 
| 250|0x0000000710600000, 0x0000000710600000, 0x0000000710700000|  0%| F|  |TAMS 0x0000000710600000, 0x0000000710600000| Untracked 
| 251|0x0000000710700000, 0x0000000710700000, 0x0000000710800000|  0%| F|  |TAMS 0x0000000710700000, 0x0000000710700000| Untracked 
| 252|0x0000000710800000, 0x0000000710800000, 0x0000000710900000|  0%| F|  |TAMS 0x0000000710800000, 0x0000000710800000| Untracked 
| 253|0x0000000710900000, 0x0000000710900000, 0x0000000710a00000|  0%| F|  |TAMS 0x0000000710900000, 0x0000000710900000| Untracked 
| 254|0x0000000710a00000, 0x0000000710a00000, 0x0000000710b00000|  0%| F|  |TAMS 0x0000000710a00000, 0x0000000710a00000| Untracked 
| 255|0x0000000710b00000, 0x0000000710b00000, 0x0000000710c00000|  0%| F|  |TAMS 0x0000000710b00000, 0x0000000710b00000| Untracked 

Card table byte_map: [0x0000012838720000,0x0000012838f20000] _byte_map_base: 0x0000012834f1a000

Marking Bits (Prev, Next): (CMBitMap*) 0x0000012824f00608, (CMBitMap*) 0x0000012824f00640
 Prev Bits: [0x0000012839720000, 0x000001283d6f0000)
 Next Bits: [0x000001283d6f0000, 0x00000128416c0000)

Polling page: 0x0000012822ea0000

Metaspace:

Usage:
  Non-class:     46.11 MB capacity,    45.83 MB (>99%) used,   213.89 KB ( <1%) free+waste,    77.63 KB ( <1%) overhead. 
      Class:      6.11 MB capacity,     5.90 MB ( 97%) used,   182.18 KB (  3%) free+waste,    33.31 KB ( <1%) overhead. 
       Both:     52.22 MB capacity,    51.73 MB (>99%) used,   396.07 KB ( <1%) free+waste,   110.94 KB ( <1%) overhead. 

Virtual space:
  Non-class space:       48.00 MB reserved,      46.25 MB ( 96%) committed 
      Class space:        1.00 GB reserved,       6.13 MB ( <1%) committed 
             Both:        1.05 GB reserved,      52.38 MB (  5%) committed 

Chunk freelists:
   Non-Class:  79.00 KB
       Class:  12.00 KB
        Both:  91.00 KB

MaxMetaspaceSize: 17179869184.00 GB
CompressedClassSpaceSize: 1.00 GB
Initial GC threshold: 20.80 MB
Current GC threshold: 58.75 MB
CDS: off

CodeHeap 'non-profiled nmethods': size=120000Kb used=2608Kb max_used=2608Kb free=117391Kb
 bounds [0x0000012830490000, 0x0000012830720000, 0x00000128379c0000]
CodeHeap 'profiled nmethods': size=120000Kb used=13479Kb max_used=13479Kb free=106520Kb
 bounds [0x0000012828f60000, 0x0000012829c90000, 0x0000012830490000]
CodeHeap 'non-nmethods': size=5760Kb used=1281Kb max_used=1343Kb free=4478Kb
 bounds [0x00000128289c0000, 0x0000012828c30000, 0x0000012828f60000]
 total_blobs=5905 nmethods=5337 adapters=480
 compilation: enabled
              stopped_count=0, restarted_count=0
 full_count=0

Compilation events (20 events):
Event: 4.005 Thread 0x0000012844d74000 nmethod 5344 0x0000012829c88c10 code [0x0000012829c88dc0, 0x0000012829c88ef8]
Event: 4.024 Thread 0x0000012844ee1000 nmethod 5339 0x0000012830717c10 code [0x0000012830717e40, 0x00000128307195d8]
Event: 4.024 Thread 0x0000012844ee1000 5345       4       java.lang.String::lastIndexOf (29 bytes)
Event: 4.028 Thread 0x0000012844ee1000 nmethod 5345 0x000001283071a790 code [0x000001283071a940, 0x000001283071ab68]
Event: 4.029 Thread 0x0000012844d74000 5346       1       org.jetbrains.kotlin.serialization.deserialization.DeserializationComponents::getKotlinTypeChecker (5 bytes)
Event: 4.029 Thread 0x0000012844d74000 nmethod 5346 0x000001283071ac90 code [0x000001283071ae40, 0x000001283071aef8]
Event: 4.029 Thread 0x0000012844d74000 5347       1       org.jetbrains.kotlin.resolve.calls.model.MutableResolvedCallAtom::getAtom (5 bytes)
Event: 4.030 Thread 0x0000012844d74000 nmethod 5347 0x000001283071af90 code [0x000001283071b140, 0x000001283071b1f8]
Event: 4.030 Thread 0x0000012844d74000 5348       1       org.jetbrains.kotlin.resolve.calls.tower.PSIKotlinCallImpl::getCallKind (5 bytes)
Event: 4.030 Thread 0x0000012844d74000 nmethod 5348 0x000001283071b290 code [0x000001283071b440, 0x000001283071b4f8]
Event: 4.030 Thread 0x0000012844d74000 5349       1       org.jetbrains.kotlin.resolve.calls.model.KotlinCallKind::getResolutionSequence (5 bytes)
Event: 4.030 Thread 0x0000012844d74000 nmethod 5349 0x000001283071b590 code [0x000001283071b740, 0x000001283071b7f8]
Event: 4.030 Thread 0x0000012844d74000 5350       3       kotlin.internal.ProgressionUtilKt::mod (16 bytes)
Event: 4.030 Thread 0x0000012844d74000 nmethod 5350 0x0000012829c89010 code [0x0000012829c891c0, 0x0000012829c89318]
Event: 4.030 Thread 0x0000012844d74000 5351       3       org.jetbrains.kotlin.resolve.calls.model.ResolutionPart::workCount (8 bytes)
Event: 4.030 Thread 0x0000012844d74000 nmethod 5351 0x0000012829c89410 code [0x0000012829c89640, 0x0000012829c89bd8]
Event: 4.030 Thread 0x0000012844d74000 5352       1       org.jetbrains.kotlin.config.LanguageFeature::getSinceVersion (5 bytes)
Event: 4.030 Thread 0x0000012844d74000 nmethod 5352 0x000001283071b890 code [0x000001283071ba40, 0x000001283071baf8]
Event: 4.030 Thread 0x0000012844d74000 5353       1       org.jetbrains.kotlin.config.LanguageVersionSettingsImpl::getLanguageVersion (5 bytes)
Event: 4.030 Thread 0x0000012844d74000 nmethod 5353 0x000001283071bb90 code [0x000001283071bd40, 0x000001283071bdf8]

GC Heap History (11 events):
Event: 0.540 GC heap before
{Heap before GC invocations=0 (full 0):
 garbage-first heap   total 262144K, used 28672K [0x0000000700c00000, 0x0000000800000000)
  region size 1024K, 24 young (24576K), 0 survivors (0K)
 Metaspace       used 12351K, capacity 12522K, committed 12672K, reserved 1060864K
  class space    used 1105K, capacity 1149K, committed 1152K, reserved 1048576K
}
Event: 0.543 GC heap after
{Heap after GC invocations=1 (full 0):
 garbage-first heap   total 262144K, used 7363K [0x0000000700c00000, 0x0000000800000000)
  region size 1024K, 3 young (3072K), 3 survivors (3072K)
 Metaspace       used 12351K, capacity 12522K, committed 12672K, reserved 1060864K
  class space    used 1105K, capacity 1149K, committed 1152K, reserved 1048576K
}
Event: 1.140 GC heap before
{Heap before GC invocations=1 (full 0):
 garbage-first heap   total 262144K, used 43203K [0x0000000700c00000, 0x0000000800000000)
  region size 1024K, 39 young (39936K), 3 survivors (3072K)
 Metaspace       used 20958K, capacity 21185K, committed 21248K, reserved 1069056K
  class space    used 2206K, capacity 2299K, committed 2304K, reserved 1048576K
}
Event: 1.151 GC heap after
{Heap after GC invocations=2 (full 0):
 garbage-first heap   total 262144K, used 11044K [0x0000000700c00000, 0x0000000800000000)
  region size 1024K, 7 young (7168K), 7 survivors (7168K)
 Metaspace       used 20958K, capacity 21185K, committed 21248K, reserved 1069056K
  class space    used 2206K, capacity 2299K, committed 2304K, reserved 1048576K
}
Event: 1.880 GC heap before
{Heap before GC invocations=3 (full 0):
 garbage-first heap   total 262144K, used 66340K [0x0000000700c00000, 0x0000000800000000)
  region size 1024K, 55 young (56320K), 7 survivors (7168K)
 Metaspace       used 32345K, capacity 32763K, committed 32896K, reserved 1077248K
  class space    used 4005K, capacity 4177K, committed 4224K, reserved 1048576K
}
Event: 1.890 GC heap after
{Heap after GC invocations=4 (full 0):
 garbage-first heap   total 262144K, used 22850K [0x0000000700c00000, 0x0000000800000000)
  region size 1024K, 7 young (7168K), 7 survivors (7168K)
 Metaspace       used 32345K, capacity 32763K, committed 32896K, reserved 1077248K
  class space    used 4005K, capacity 4177K, committed 4224K, reserved 1048576K
}
Event: 2.091 GC heap before
{Heap before GC invocations=4 (full 0):
 garbage-first heap   total 262144K, used 38210K [0x0000000700c00000, 0x0000000800000000)
  region size 1024K, 23 young (23552K), 7 survivors (7168K)
 Metaspace       used 35366K, capacity 35717K, committed 35840K, reserved 1081344K
  class space    used 4340K, capacity 4501K, committed 4608K, reserved 1048576K
}
Event: 2.097 GC heap after
{Heap after GC invocations=5 (full 0):
 garbage-first heap   total 262144K, used 25081K [0x0000000700c00000, 0x0000000800000000)
  region size 1024K, 2 young (2048K), 2 survivors (2048K)
 Metaspace       used 35366K, capacity 35717K, committed 35840K, reserved 1081344K
  class space    used 4340K, capacity 4501K, committed 4608K, reserved 1048576K
}
Event: 2.965 GC heap before
{Heap before GC invocations=6 (full 0):
 garbage-first heap   total 262144K, used 90617K [0x0000000700c00000, 0x0000000800000000)
  region size 1024K, 64 young (65536K), 2 survivors (2048K)
 Metaspace       used 47484K, capacity 47959K, committed 48128K, reserved 1091584K
  class space    used 5605K, capacity 5809K, committed 5888K, reserved 1048576K
}
Event: 2.972 GC heap after
{Heap after GC invocations=7 (full 0):
 garbage-first heap   total 262144K, used 32132K [0x0000000700c00000, 0x0000000800000000)
  region size 1024K, 8 young (8192K), 8 survivors (8192K)
 Metaspace       used 47484K, capacity 47959K, committed 48128K, reserved 1091584K
  class space    used 5605K, capacity 5809K, committed 5888K, reserved 1048576K
}
Event: 4.039 GC heap before
{Heap before GC invocations=7 (full 0):
 garbage-first heap   total 262144K, used 123268K [0x0000000700c00000, 0x0000000800000000)
  region size 1024K, 96 young (98304K), 8 survivors (8192K)
 Metaspace       used 52969K, capacity 53477K, committed 53632K, reserved 1097728K
  class space    used 6044K, capacity 6260K, committed 6272K, reserved 1048576K
}

Deoptimization events (20 events):
Event: 3.997 Thread 0x0000012824e9c000 Uncommon trap: trap_request=0xffffffc6 fr.pc=0x00000128307168f8 relative=0x0000000000001fb8
Event: 3.997 Thread 0x0000012824e9c000 Uncommon trap: reason=bimorphic_or_optimized_type_check action=maybe_recompile pc=0x00000128307168f8 method=java.util.LinkedHashSet.<init>(Ljava/util/Collection;)V @ 3 c2
Event: 3.997 Thread 0x0000012824e9c000 DEOPT PACKING pc=0x00000128307168f8 sp=0x0000001051bfcde0
Event: 3.997 Thread 0x0000012824e9c000 DEOPT UNPACKING pc=0x0000012828a0a1af sp=0x0000001051bfcde0 mode 2
Event: 3.997 Thread 0x0000012824e9c000 Uncommon trap: trap_request=0xffffffc6 fr.pc=0x00000128307168f8 relative=0x0000000000001fb8
Event: 3.997 Thread 0x0000012824e9c000 Uncommon trap: reason=bimorphic_or_optimized_type_check action=maybe_recompile pc=0x00000128307168f8 method=java.util.LinkedHashSet.<init>(Ljava/util/Collection;)V @ 3 c2
Event: 3.997 Thread 0x0000012824e9c000 DEOPT PACKING pc=0x00000128307168f8 sp=0x0000001051bfcc70
Event: 3.997 Thread 0x0000012824e9c000 DEOPT UNPACKING pc=0x0000012828a0a1af sp=0x0000001051bfcc70 mode 2
Event: 4.034 Thread 0x0000012824e9c000 Uncommon trap: trap_request=0xffffffc6 fr.pc=0x00000128306e88b8 relative=0x0000000000000618
Event: 4.034 Thread 0x0000012824e9c000 Uncommon trap: reason=bimorphic_or_optimized_type_check action=maybe_recompile pc=0x00000128306e88b8 method=kotlin.sequences.FlatteningSequence$iterator$1.ensureItemIterator()Z @ 45 c2
Event: 4.034 Thread 0x0000012824e9c000 DEOPT PACKING pc=0x00000128306e88b8 sp=0x0000001051bfe020
Event: 4.034 Thread 0x0000012824e9c000 DEOPT UNPACKING pc=0x0000012828a0a1af sp=0x0000001051bfdf80 mode 2
Event: 4.034 Thread 0x0000012824e9c000 Uncommon trap: trap_request=0xffffffc6 fr.pc=0x00000128306e88b8 relative=0x0000000000000618
Event: 4.034 Thread 0x0000012824e9c000 Uncommon trap: reason=bimorphic_or_optimized_type_check action=maybe_recompile pc=0x00000128306e88b8 method=kotlin.sequences.FlatteningSequence$iterator$1.ensureItemIterator()Z @ 45 c2
Event: 4.034 Thread 0x0000012824e9c000 DEOPT PACKING pc=0x00000128306e88b8 sp=0x0000001051bfe020
Event: 4.034 Thread 0x0000012824e9c000 DEOPT UNPACKING pc=0x0000012828a0a1af sp=0x0000001051bfdf80 mode 2
Event: 4.037 Thread 0x0000012824e9c000 Uncommon trap: trap_request=0xffffffc6 fr.pc=0x000001283071167c relative=0x000000000000013c
Event: 4.037 Thread 0x0000012824e9c000 Uncommon trap: reason=bimorphic_or_optimized_type_check action=maybe_recompile pc=0x000001283071167c method=kotlin.collections.CollectionsKt___CollectionsKt.first(Ljava/util/List;)Ljava/lang/Object; @ 7 c2
Event: 4.037 Thread 0x0000012824e9c000 DEOPT PACKING pc=0x000001283071167c sp=0x0000001051bfccb0
Event: 4.037 Thread 0x0000012824e9c000 DEOPT UNPACKING pc=0x0000012828a0a1af sp=0x0000001051bfcc50 mode 2

Classes redefined (0 events):
No events

Internal exceptions (20 events):
Event: 1.188 Thread 0x0000012824e9c000 Exception <a 'java/lang/NoSuchMethodError'{0x0000000710991558}: 'int java.lang.invoke.DirectMethodHandle$Holder.invokeSpecialIFC(java.lang.Object, java.lang.Object, int)'> (0x0000000710991558) thrown at [./src/hotspot/share/interpreter/linkResolver.cpp, line 773]
Event: 1.222 Thread 0x0000012824e9c000 Exception <a 'java/lang/NoSuchMethodError'{0x00000007106522e0}: 'int java.lang.invoke.DirectMethodHandle$Holder.invokeStaticInit(java.lang.Object, java.lang.Object, java.lang.Object)'> (0x00000007106522e0) thrown at [./src/hotspot/share/interpreter/linkResolver.cpp, line 773]
Event: 1.225 Thread 0x0000012824e9c000 Exception <a 'java/lang/NoSuchMethodError'{0x000000071067d990}: 'int java.lang.invoke.DirectMethodHandle$Holder.invokeStaticInit(java.lang.Object, java.lang.Object)'> (0x000000071067d990) thrown at [./src/hotspot/share/interpreter/linkResolver.cpp, line 773]
Event: 1.262 Thread 0x0000012824e9c000 Exception <a 'java/lang/NoSuchMethodError'{0x000000071048e6b0}: 'void java.lang.invoke.DirectMethodHandle$Holder.invokeSpecial(java.lang.Object, java.lang.Object)'> (0x000000071048e6b0) thrown at [./src/hotspot/share/interpreter/linkResolver.cpp, line 773]
Event: 1.393 Thread 0x0000012824e9c000 Exception <a 'java/lang/NoSuchMethodError'{0x000000070fb04658}: 'java.lang.Object java.lang.invoke.DirectMethodHandle$Holder.invokeStatic(java.lang.Object, java.lang.Object, java.lang.Object, java.lang.Object, java.lang.Object, java.lang.Object, java.lang.Object, java.lang.Object, java.lang.Object, java.lang.Object, java.lang.Object, java.lang.Object, java.lang.Object, java.lang.Object, java.lang.Object)'> (0x000000070fb04658) thrown at [./src/hotspot/share/interpreter/linkResolver.cpp, line 773]
Event: 1.394 Thread 0x0000012824e9c000 Exception <a 'java/lang/NoSuchMethodError'{0x000000070fb12660}: 'java.lang.Object java.lang.invoke.DirectMethodHandle$Holder.invokeStatic(java.lang.Object, java.lang.Object, java.lang.Object, java.lang.Object, java.lang.Object, java.lang.Object, java.lang.Object, java.lang.Object, java.lang.Object, java.lang.Object, java.lang.Object, java.lang.Object, java.lang.Object, java.lang.Object, java.lang.Object, java.lang.Object)'> (0x000000070fb12660) thrown at [./src/hotspot/share/interpreter/linkResolver.cpp, l
Event: 1.395 Thread 0x0000012824e9c000 Exception <a 'java/lang/NoSuchMethodError'{0x000000070fb20578}: 'java.lang.Object java.lang.invoke.DirectMethodHandle$Holder.invokeSpecial(java.lang.Object, java.lang.Object, int, int, java.lang.Object, java.lang.Object, java.lang.Object)'> (0x000000070fb20578) thrown at [./src/hotspot/share/interpreter/linkResolver.cpp, line 773]
Event: 1.395 Thread 0x0000012824e9c000 Exception <a 'java/lang/NoSuchMethodError'{0x000000070fb23db0}: 'java.lang.Object java.lang.invoke.DelegatingMethodHandle$Holder.reinvoke_L(java.lang.Object, int, int, java.lang.Object, java.lang.Object, java.lang.Object)'> (0x000000070fb23db0) thrown at [./src/hotspot/share/interpreter/linkResolver.cpp, line 773]
Event: 1.395 Thread 0x0000012824e9c000 Exception <a 'java/lang/NoSuchMethodError'{0x000000070fb28138}: 'java.lang.Object java.lang.invoke.DirectMethodHandle$Holder.invokeStatic(java.lang.Object, java.lang.Object, java.lang.Object, java.lang.Object, int)'> (0x000000070fb28138) thrown at [./src/hotspot/share/interpreter/linkResolver.cpp, line 773]
Event: 1.428 Thread 0x0000012824e9c000 Exception <a 'java/lang/NoSuchMethodError'{0x000000070fa4dfd8}: 'void java.lang.invoke.DirectMethodHandle$Holder.invokeStatic(java.lang.Object, java.lang.Object, java.lang.Object, java.lang.Object)'> (0x000000070fa4dfd8) thrown at [./src/hotspot/share/interpreter/linkResolver.cpp, line 773]
Event: 1.478 Thread 0x0000012824e9c000 Exception <a 'java/lang/NoSuchMethodError'{0x000000070f6388f8}: 'void java.lang.invoke.DirectMethodHandle$Holder.invokeStaticInit(java.lang.Object, java.lang.Object)'> (0x000000070f6388f8) thrown at [./src/hotspot/share/interpreter/linkResolver.cpp, line 773]
Event: 1.536 Thread 0x0000012824e9c000 Exception <a 'java/lang/NoSuchMethodError'{0x000000070f27a4c8}: 'void java.lang.invoke.DirectMethodHandle$Holder.invokeVirtual(java.lang.Object, java.lang.Object)'> (0x000000070f27a4c8) thrown at [./src/hotspot/share/interpreter/linkResolver.cpp, line 773]
Event: 1.548 Thread 0x0000012824e9c000 Exception <a 'java/lang/NoSuchMethodError'{0x000000070f1bf750}: 'int java.lang.invoke.DirectMethodHandle$Holder.invokeVirtual(java.lang.Object, java.lang.Object)'> (0x000000070f1bf750) thrown at [./src/hotspot/share/interpreter/linkResolver.cpp, line 773]
Event: 2.090 Thread 0x0000012824e9c000 Exception <a 'java/lang/NoSuchMethodError'{0x000000070fdf8938}: 'java.lang.Object java.lang.invoke.DirectMethodHandle$Holder.invokeVirtual(java.lang.Object, java.lang.Object, java.lang.Object)'> (0x000000070fdf8938) thrown at [./src/hotspot/share/interpreter/linkResolver.cpp, line 773]
Event: 2.656 Thread 0x0000012824e9c000 Exception <a 'java/lang/NoSuchMethodError'{0x000000070df5d230}: 'java.lang.Object java.lang.invoke.DirectMethodHandle$Holder.invokeStatic(java.lang.Object, java.lang.Object, java.lang.Object, int)'> (0x000000070df5d230) thrown at [./src/hotspot/share/interpreter/linkResolver.cpp, line 773]
Event: 2.656 Thread 0x0000012824e9c000 Exception <a 'java/lang/NoSuchMethodError'{0x000000070df60ea0}: 'java.lang.Object java.lang.invoke.DirectMethodHandle$Holder.invokeSpecial(java.lang.Object, java.lang.Object, java.lang.Object, java.lang.Object, int)'> (0x000000070df60ea0) thrown at [./src/hotspot/share/interpreter/linkResolver.cpp, line 773]
Event: 2.656 Thread 0x0000012824e9c000 Exception <a 'java/lang/NoSuchMethodError'{0x000000070df641b0}: 'java.lang.Object java.lang.invoke.Invokers$Holder.linkToTargetMethod(java.lang.Object, java.lang.Object, int, java.lang.Object)'> (0x000000070df641b0) thrown at [./src/hotspot/share/interpreter/linkResolver.cpp, line 773]
Event: 2.817 Thread 0x0000012824e9c000 Exception <a 'java/lang/NoSuchMethodError'{0x000000070d6028a0}: 'java.lang.Object java.lang.invoke.Invokers$Holder.linkToTargetMethod(java.lang.Object, int, java.lang.Object)'> (0x000000070d6028a0) thrown at [./src/hotspot/share/interpreter/linkResolver.cpp, line 773]
Event: 3.306 Thread 0x0000012824e9c000 Exception <a 'java/lang/NoSuchMethodError'{0x000000070e66ae00}: 'java.lang.Object java.lang.invoke.DirectMethodHandle$Holder.invokeStaticInit(java.lang.Object, java.lang.Object, java.lang.Object)'> (0x000000070e66ae00) thrown at [./src/hotspot/share/interpreter/linkResolver.cpp, line 773]
Event: 3.708 Thread 0x0000012824e9c000 Implicit null exception at 0x00000128305386f5 to 0x00000128305388dc

Events (20 events):
Event: 4.036 loading class org/jetbrains/kotlin/types/expressions/KotlinTypeInfo done
Event: 4.036 loading class org/jetbrains/kotlin/types/expressions/ExpressionTypingVisitorDispatcher
Event: 4.036 loading class org/jetbrains/kotlin/types/expressions/ExpressionTypingVisitorDispatcher done
Event: 4.036 loading class org/jetbrains/kotlin/resolve/StatementFilterKt
Event: 4.036 loading class org/jetbrains/kotlin/resolve/StatementFilterKt done
Event: 4.036 loading class org/jetbrains/kotlin/types/expressions/ExpressionTypingServices$EffectsFilteringTrace
Event: 4.036 loading class org/jetbrains/kotlin/types/expressions/ExpressionTypingServices$EffectsFilteringTrace done
Event: 4.036 loading class org/jetbrains/kotlin/resolve/AbstractFilteringTrace
Event: 4.036 loading class org/jetbrains/kotlin/resolve/AbstractFilteringTrace done
Event: 4.037 loading class org/jetbrains/kotlin/resolve/calls/CallExpressionResolver$elementChain$1
Event: 4.037 loading class org/jetbrains/kotlin/resolve/calls/CallExpressionResolver$elementChain$1 done
Event: 4.037 loading class org/jetbrains/kotlin/resolve/calls/CallExpressionUnrollerKt
Event: 4.037 loading class org/jetbrains/kotlin/resolve/calls/CallExpressionUnrollerKt done
Event: 4.037 loading class org/jetbrains/kotlin/resolve/calls/CallExpressionElement
Event: 4.037 loading class org/jetbrains/kotlin/resolve/calls/CallExpressionElement done
Event: 4.038 loading class org/jetbrains/kotlin/resolve/calls/util/CallMaker$CallImpl
Event: 4.038 loading class org/jetbrains/kotlin/resolve/calls/util/CallMaker$CallImpl done
Event: 4.038 loading class org/jetbrains/kotlin/resolve/calls/model/ResolvedCallImpl
Event: 4.038 loading class org/jetbrains/kotlin/resolve/calls/model/ResolvedCallImpl done
Event: 4.038 Executing VM operation: G1CollectForAllocation


Dynamic libraries:
0x00007ff677b40000 - 0x00007ff677b4a000 	A:\Android\Android Studio\jre\bin\java.exe
0x00007ff939430000 - 0x00007ff939625000 	C:\WINDOWS\SYSTEM32\ntdll.dll
0x00007ff939330000 - 0x00007ff9393ee000 	C:\WINDOWS\System32\KERNEL32.DLL
0x00007ff936c20000 - 0x00007ff936ee8000 	C:\WINDOWS\System32\KERNELBASE.dll
0x00007ff936f40000 - 0x00007ff937040000 	C:\WINDOWS\System32\ucrtbase.dll
0x00007ff923100000 - 0x00007ff923119000 	A:\Android\Android Studio\jre\bin\jli.dll
0x00007ff9202d0000 - 0x00007ff9202e7000 	A:\Android\Android Studio\jre\bin\VCRUNTIME140.dll
0x00007ff9374c0000 - 0x00007ff937660000 	C:\WINDOWS\System32\USER32.dll
0x00007ff936b50000 - 0x00007ff936b72000 	C:\WINDOWS\System32\win32u.dll
0x00007ff920610000 - 0x00007ff9208aa000 	C:\WINDOWS\WinSxS\amd64_microsoft.windows.common-controls_6595b64144ccf1df_6.0.19041.1110_none_60b5254171f9507e\COMCTL32.dll
0x00007ff937490000 - 0x00007ff9374bb000 	C:\WINDOWS\System32\GDI32.dll
0x00007ff937230000 - 0x00007ff93733b000 	C:\WINDOWS\System32\gdi32full.dll
0x00007ff939260000 - 0x00007ff9392fe000 	C:\WINDOWS\System32\msvcrt.dll
0x00007ff936b80000 - 0x00007ff936c1d000 	C:\WINDOWS\System32\msvcp_win.dll
0x00007ff939300000 - 0x00007ff939330000 	C:\WINDOWS\System32\IMM32.DLL
0x00007ff8ff3e0000 - 0x00007ff8ff47d000 	A:\Android\Android Studio\jre\bin\msvcp140.dll
0x00007ff8fbee0000 - 0x00007ff8fc9e2000 	A:\Android\Android Studio\jre\bin\server\jvm.dll
0x00007ff939140000 - 0x00007ff9391ee000 	C:\WINDOWS\System32\ADVAPI32.dll
0x00007ff9380c0000 - 0x00007ff93815c000 	C:\WINDOWS\System32\sechost.dll
0x00007ff938380000 - 0x00007ff9384a5000 	C:\WINDOWS\System32\RPCRT4.dll
0x00007ff9384b0000 - 0x00007ff9384b8000 	C:\WINDOWS\System32\PSAPI.DLL
0x00007ff92e9b0000 - 0x00007ff92e9b9000 	C:\WINDOWS\SYSTEM32\WSOCK32.dll
0x00007ff92eed0000 - 0x00007ff92eeda000 	C:\WINDOWS\SYSTEM32\VERSION.dll
0x00007ff9391f0000 - 0x00007ff93925b000 	C:\WINDOWS\System32\WS2_32.dll
0x00007ff92d650000 - 0x00007ff92d677000 	C:\WINDOWS\SYSTEM32\WINMM.dll
0x00007ff934a80000 - 0x00007ff934a92000 	C:\WINDOWS\SYSTEM32\kernel.appcore.dll
0x00007ff92d4b0000 - 0x00007ff92d4c1000 	A:\Android\Android Studio\jre\bin\verify.dll
0x00007ff930210000 - 0x00007ff9303f4000 	C:\WINDOWS\SYSTEM32\DBGHELP.DLL
0x00007ff926090000 - 0x00007ff9260bc000 	C:\WINDOWS\SYSTEM32\dbgcore.DLL
0x00007ff937040000 - 0x00007ff9370c2000 	C:\WINDOWS\System32\bcryptPrimitives.dll
0x00007ff92c9f0000 - 0x00007ff92ca19000 	A:\Android\Android Studio\jre\bin\java.dll
0x00007ff92e840000 - 0x00007ff92e84b000 	A:\Android\Android Studio\jre\bin\jimage.dll
0x00007ff92d3d0000 - 0x00007ff92d3e8000 	A:\Android\Android Studio\jre\bin\zip.dll
0x00007ff937890000 - 0x00007ff937fd4000 	C:\WINDOWS\System32\SHELL32.dll
0x00007ff934c80000 - 0x00007ff935414000 	C:\WINDOWS\SYSTEM32\windows.storage.dll
0x00007ff938b90000 - 0x00007ff938ee4000 	C:\WINDOWS\System32\combase.dll
0x00007ff9365b0000 - 0x00007ff9365dc000 	C:\WINDOWS\SYSTEM32\Wldp.dll
0x00007ff937660000 - 0x00007ff93770d000 	C:\WINDOWS\System32\SHCORE.dll
0x00007ff938fb0000 - 0x00007ff939005000 	C:\WINDOWS\System32\shlwapi.dll
0x00007ff936a90000 - 0x00007ff936aaf000 	C:\WINDOWS\SYSTEM32\profapi.dll
0x00007ff92c9d0000 - 0x00007ff92c9ea000 	A:\Android\Android Studio\jre\bin\net.dll
0x00007ff92f310000 - 0x00007ff92f419000 	C:\WINDOWS\SYSTEM32\WINHTTP.dll
0x00007ff936310000 - 0x00007ff93637a000 	C:\WINDOWS\system32\mswsock.dll
0x00007ff92c580000 - 0x00007ff92c594000 	A:\Android\Android Studio\jre\bin\nio.dll

dbghelp: loaded successfully - version: 4.0.5 - missing functions: none
symbol engine: initialized successfully - sym options: 0x614 - pdb path: .;A:\Android\Android Studio\jre\bin;C:\WINDOWS\SYSTEM32;C:\WINDOWS\WinSxS\amd64_microsoft.windows.common-controls_6595b64144ccf1df_6.0.19041.1110_none_60b5254171f9507e;A:\Android\Android Studio\jre\bin\server

VM Arguments:
java_command: org.jetbrains.kotlin.cli.jvm.K2JVMCompiler @C:\Users\User\source\Android App\WeatherApp\app\build\20230201_3703215115404574679.compiler.options
java_class_path (initial): C:\Users\User\.gradle\caches\modules-2\files-2.1\org.jetbrains.kotlin\kotlin-compiler-embeddable\1.7.20\8db18559a581dd2c36ddfd5046af145650f5b126\kotlin-compiler-embeddable-1.7.20.jar;C:\Users\User\.gradle\caches\modules-2\files-2.1\org.jetbrains.kotlin\kotlin-reflect\1.7.20\12b2501e33bb6373e8e347c86d85481863629381\kotlin-reflect-1.7.20.jar;C:\Users\User\.gradle\caches\modules-2\files-2.1\org.jetbrains.kotlin\kotlin-stdlib\1.7.20\726594ea9ba2beb2ee113647fefa9a10f9fabe52\kotlin-stdlib-1.7.20.jar;C:\Users\User\.gradle\caches\modules-2\files-2.1\org.jetbrains.kotlin\kotlin-script-runtime\1.7.20\bcd1cc6f865e632550357fcc59f5ffd532615a8\kotlin-script-runtime-1.7.20.jar;C:\Users\User\.gradle\caches\modules-2\files-2.1\org.jetbrains.kotlin\kotlin-daemon-embeddable\1.7.20\1e24355adad8d529d75d5b19eab55484057431ba\kotlin-daemon-embeddable-1.7.20.jar;C:\Users\User\.gradle\caches\modules-2\files-2.1\org.jetbrains.intellij.deps\trove4j\1.0.20200330\3afb14d5f9ceb459d724e907a21145e8ff394f02\trove4j-1.0.20200330.jar;C:\Users\User\.gradle\caches\modules-2\files-2.1\net.java.dev.jna\jna\5.6.0\330f2244e9030119ab3030fc3fededc86713d9cc\jna-5.6.0.jar;C:\Users\User\.gradle\caches\modules-2\files-2.1\org.jetbrains.kotlin\kotlin-stdlib-common\1.7.20\e15351bdaf9fa06f009be5da7a202e4184f00ae3\kotlin-stdlib-common-1.7.20.jar;C:\Users\User\.gradle\caches\modules-2\files-2.1\org.jetbrains\annotations\13.0\919f0dfe192fb4e063e7dacadee7f8bb9a2672a9\annotations-13.0.jar
Launcher Type: SUN_STANDARD

[Global flags]
     intx CICompilerCount                          = 4                                         {product} {ergonomic}
     uint ConcGCThreads                            = 3                                         {product} {ergonomic}
     uint G1ConcRefinementThreads                  = 10                                        {product} {ergonomic}
   size_t G1HeapRegionSize                         = 1048576                                   {product} {ergonomic}
    uintx GCDrainStackTargetSize                   = 64                                        {product} {ergonomic}
   size_t InitialHeapSize                          = 268435456                                 {product} {ergonomic}
   size_t MarkStackSize                            = 4194304                                   {product} {ergonomic}
   size_t MaxHeapSize                              = 4282384384                                {product} {ergonomic}
   size_t MaxNewSize                               = 2569011200                                {product} {ergonomic}
   size_t MinHeapDeltaBytes                        = 1048576                                   {product} {ergonomic}
    uintx NonNMethodCodeHeapSize                   = 5836300                                {pd product} {ergonomic}
    uintx NonProfiledCodeHeapSize                  = 122910970                              {pd product} {ergonomic}
    uintx ProfiledCodeHeapSize                     = 122910970                              {pd product} {ergonomic}
    uintx ReservedCodeCacheSize                    = 251658240                              {pd product} {ergonomic}
     bool SegmentedCodeCache                       = true                                      {product} {ergonomic}
     bool UseCompressedClassPointers               = true                                 {lp64_product} {ergonomic}
     bool UseCompressedOops                        = true                                 {lp64_product} {ergonomic}
     bool UseG1GC                                  = true                                      {product} {ergonomic}
     bool UseLargePagesIndividualAllocation        = false                                  {pd product} {ergonomic}

Logging:
Log output configuration:
 #0: stdout all=warning uptime,level,tags
 #1: stderr all=off uptime,level,tags

Environment Variables:
JAVA_HOME=C:\Program Files (x86)\Java\jdk1.8.0_241
CLASSPATH=C:\Program Files (x86)\Java\jdk1.8.0_241\bin;
PATH=A:\app\MIK404\product\19.0.0\client_1\bin;C:\app\Kolin\product\19.0.0\client_1;D:\Oracle\app\oracle\product\11.2.0\server\bin;C:\Program Files (x86)\Common Files\Oracle\Java\javapath;C:\ProgramData\Oracle\Java\javapath;C:\WINDOWS\system32;C:\WINDOWS;C:\WINDOWS\System32\Wbem;C:\WINDOWS\System32\WindowsPowerShell\v1.0\;C:\WINDOWS\System32\OpenSSH\;D:\Git\cmd;D:\Widows Kits\10\Windows Performance Toolkit\;C:\Program Files\Microsoft SQL Server\130\Tools\Binn\;C:\Users\User\AppData\Local\Programs\Python\Python38-32\Scripts;A:\nodejs\;A:\MinGW\bin;C:\Program Files\MySQL\MySQL Shell 8.0\bin\;C:\Users\User\AppData\Local\Programs\Python\Python38-32\Scripts\;C:\Users\User\AppData\Local\Programs\Python\Python38-32\;C:\Program Files (x86)\Java\jdk1.8.0_241\bin;C:\Users\User\AppData\Roaming\npm;A:\Microsoft VS Code\bin
USERNAME=User
OS=Windows_NT
PROCESSOR_IDENTIFIER=AMD64 Family 23 Model 1 Stepping 1, AuthenticAMD



---------------  S Y S T E M  ---------------

OS: Windows 10 , 64 bit Build 19041 (10.0.19041.1566)
OS uptime: 9 days 23:15 hours

CPU:total 12 (initial active 12) (12 cores per cpu, 2 threads per core) family 23 model 1 stepping 1 microcode 0x0, cmov, cx8, fxsr, mmx, sse, sse2, sse3, ssse3, sse4.1, sse4.2, popcnt, avx, avx2, aes, clmul, mmxext, 3dnowpref, lzcnt, sse4a, ht, tsc, tscinvbit, tscinv, bmi1, bmi2, adx, sha, fma

Memory: 4k page, system-wide physical 16334M (2141M free)
TotalPageFile size 45953M (AvailPageFile size 40M)
current process WorkingSet (physical memory assigned to process): 311M, peak: 311M
current process commit charge ("private bytes"): 470M, peak: 522M

vm_info: OpenJDK 64-Bit Server VM (11.0.13+0-b1751.21-8125866) for windows-amd64 JRE (11.0.13+0-b1751.21-8125866), built on Feb  2 2022 03:00:22 by "builder" with MS VC++ 14.0 (VS2015)

END.
